<?xml version="1.0" encoding="UTF-8"?>
<testsuite name="com.jpaexample.service.QuerydslTest" tests="1" skipped="0" failures="0" errors="0" timestamp="2023-01-23T12:48:07" hostname="DESKTOP-4H0VBKI" time="0.202">
  <properties/>
  <testcase name="getProductCaseStock()" classname="com.jpaexample.service.QuerydslTest" time="0.202"/>
  <system-out><![CDATA[21:48:02.630 [Test worker] DEBUG org.springframework.test.context.BootstrapUtils - Instantiating CacheAwareContextLoaderDelegate from class [org.springframework.test.context.cache.DefaultCacheAwareContextLoaderDelegate]
21:48:02.642 [Test worker] DEBUG org.springframework.test.context.BootstrapUtils - Instantiating BootstrapContext using constructor [public org.springframework.test.context.support.DefaultBootstrapContext(java.lang.Class,org.springframework.test.context.CacheAwareContextLoaderDelegate)]
21:48:02.675 [Test worker] DEBUG org.springframework.test.context.BootstrapUtils - Instantiating TestContextBootstrapper for test class [com.jpaexample.service.QuerydslTest] from class [org.springframework.boot.test.context.SpringBootTestContextBootstrapper]
21:48:02.687 [Test worker] INFO org.springframework.boot.test.context.SpringBootTestContextBootstrapper - Neither @ContextConfiguration nor @ContextHierarchy found for test class [com.jpaexample.service.QuerydslTest], using SpringBootContextLoader
21:48:02.691 [Test worker] DEBUG org.springframework.test.context.support.AbstractContextLoader - Did not detect default resource location for test class [com.jpaexample.service.QuerydslTest]: class path resource [com/jpaexample/service/QuerydslTest-context.xml] does not exist
21:48:02.692 [Test worker] DEBUG org.springframework.test.context.support.AbstractContextLoader - Did not detect default resource location for test class [com.jpaexample.service.QuerydslTest]: class path resource [com/jpaexample/service/QuerydslTestContext.groovy] does not exist
21:48:02.692 [Test worker] INFO org.springframework.test.context.support.AbstractContextLoader - Could not detect default resource locations for test class [com.jpaexample.service.QuerydslTest]: no resource found for suffixes {-context.xml, Context.groovy}.
21:48:02.693 [Test worker] INFO org.springframework.test.context.support.AnnotationConfigContextLoaderUtils - Could not detect default configuration classes for test class [com.jpaexample.service.QuerydslTest]: QuerydslTest does not declare any static, non-private, non-final, nested classes annotated with @Configuration.
21:48:02.736 [Test worker] DEBUG org.springframework.test.context.support.ActiveProfilesUtils - Could not find an 'annotation declaring class' for annotation type [org.springframework.test.context.ActiveProfiles] and class [com.jpaexample.service.QuerydslTest]
21:48:02.795 [Test worker] DEBUG org.springframework.context.annotation.ClassPathScanningCandidateComponentProvider - Identified candidate component class: file [C:\Users\chajunwoo\Desktop\project\spring data jpa example\jpa-example\build\classes\java\main\com\jpaexample\JpaExampleApplication.class]
21:48:02.797 [Test worker] INFO org.springframework.boot.test.context.SpringBootTestContextBootstrapper - Found @SpringBootConfiguration com.jpaexample.JpaExampleApplication for test class com.jpaexample.service.QuerydslTest
21:48:02.905 [Test worker] DEBUG org.springframework.boot.test.context.SpringBootTestContextBootstrapper - @TestExecutionListeners is not present for class [com.jpaexample.service.QuerydslTest]: using defaults.
21:48:02.906 [Test worker] INFO org.springframework.boot.test.context.SpringBootTestContextBootstrapper - Loaded default TestExecutionListener class names from location [META-INF/spring.factories]: [org.springframework.boot.test.autoconfigure.restdocs.RestDocsTestExecutionListener, org.springframework.boot.test.autoconfigure.web.client.MockRestServiceServerResetTestExecutionListener, org.springframework.boot.test.autoconfigure.web.servlet.MockMvcPrintOnlyOnFailureTestExecutionListener, org.springframework.boot.test.autoconfigure.web.servlet.WebDriverTestExecutionListener, org.springframework.boot.test.autoconfigure.webservices.client.MockWebServiceServerTestExecutionListener, org.springframework.boot.test.mock.mockito.MockitoTestExecutionListener, org.springframework.boot.test.mock.mockito.ResetMocksTestExecutionListener, org.springframework.test.context.web.ServletTestExecutionListener, org.springframework.test.context.support.DirtiesContextBeforeModesTestExecutionListener, org.springframework.test.context.event.ApplicationEventsTestExecutionListener, org.springframework.test.context.support.DependencyInjectionTestExecutionListener, org.springframework.test.context.support.DirtiesContextTestExecutionListener, org.springframework.test.context.transaction.TransactionalTestExecutionListener, org.springframework.test.context.jdbc.SqlScriptsTestExecutionListener, org.springframework.test.context.event.EventPublishingTestExecutionListener]
21:48:02.924 [Test worker] INFO org.springframework.boot.test.context.SpringBootTestContextBootstrapper - Using TestExecutionListeners: [org.springframework.test.context.web.ServletTestExecutionListener@3a45c42a, org.springframework.test.context.support.DirtiesContextBeforeModesTestExecutionListener@36dce7ed, org.springframework.test.context.event.ApplicationEventsTestExecutionListener@47a64f7d, org.springframework.boot.test.mock.mockito.MockitoTestExecutionListener@33d05366, org.springframework.boot.test.autoconfigure.SpringBootDependencyInjectionTestExecutionListener@27a0a5a2, org.springframework.test.context.support.DirtiesContextTestExecutionListener@7692cd34, org.springframework.test.context.transaction.TransactionalTestExecutionListener@33aa93c, org.springframework.test.context.jdbc.SqlScriptsTestExecutionListener@32c0915e, org.springframework.test.context.event.EventPublishingTestExecutionListener@106faf11, org.springframework.boot.test.autoconfigure.restdocs.RestDocsTestExecutionListener@70f43b45, org.springframework.boot.test.autoconfigure.web.client.MockRestServiceServerResetTestExecutionListener@26d10f2e, org.springframework.boot.test.autoconfigure.web.servlet.MockMvcPrintOnlyOnFailureTestExecutionListener@10ad20cb, org.springframework.boot.test.autoconfigure.web.servlet.WebDriverTestExecutionListener@7dd712e8, org.springframework.boot.test.autoconfigure.webservices.client.MockWebServiceServerTestExecutionListener@2c282004, org.springframework.boot.test.mock.mockito.ResetMocksTestExecutionListener@22ee2d0]
21:48:02.927 [Test worker] DEBUG org.springframework.test.context.support.AbstractDirtiesContextTestExecutionListener - Before test class: context [DefaultTestContext@11ee02f8 testClass = QuerydslTest, testInstance = [null], testMethod = [null], testException = [null], mergedContextConfiguration = [WebMergedContextConfiguration@4102b1b1 testClass = QuerydslTest, locations = '{}', classes = '{class com.jpaexample.JpaExampleApplication}', contextInitializerClasses = '[]', activeProfiles = '{}', propertySourceLocations = '{}', propertySourceProperties = '{org.springframework.boot.test.context.SpringBootTestContextBootstrapper=true}', contextCustomizers = set[org.springframework.boot.test.autoconfigure.actuate.metrics.MetricsExportContextCustomizerFactory$DisableMetricExportContextCustomizer@a8e6492, org.springframework.boot.test.autoconfigure.properties.PropertyMappingContextCustomizer@0, org.springframework.boot.test.autoconfigure.web.servlet.WebDriverContextCustomizerFactory$Customizer@40499e4f, org.springframework.boot.test.context.filter.ExcludeFilterContextCustomizer@7a791b66, org.springframework.boot.test.json.DuplicateJsonObjectContextCustomizerFactory$DuplicateJsonObjectContextCustomizer@61884cb1, org.springframework.boot.test.mock.mockito.MockitoContextCustomizer@0, org.springframework.boot.test.web.client.TestRestTemplateContextCustomizer@6c6c5427, org.springframework.boot.test.context.SpringBootTestArgs@1, org.springframework.boot.test.context.SpringBootTestWebEnvironment@5f20155b], resourceBasePath = 'src/main/webapp', contextLoader = 'org.springframework.boot.test.context.SpringBootContextLoader', parent = [null]], attributes = map['org.springframework.test.context.web.ServletTestExecutionListener.activateListener' -> true]], class annotated with @DirtiesContext [false] with mode [null].

  .   ____          _            __ _ _
 /\\ / ___'_ __ _ _(_)_ __  __ _ \ \ \ \
( ( )\___ | '_ | '_| | '_ \/ _` | \ \ \ \
 \\/  ___)| |_)| | | | | || (_| |  ) ) ) )
  '  |____| .__|_| |_|_| |_\__, | / / / /
 =========|_|==============|___/=/_/_/_/
 :: Spring Boot ::                (v2.7.7)

2023-01-23 21:48:03.248  INFO 30128 --- [    Test worker] com.jpaexample.service.QuerydslTest      : Starting QuerydslTest using Java 11.0.13 on DESKTOP-4H0VBKI with PID 30128 (started by chajunwoo in C:\Users\chajunwoo\Desktop\project\spring data jpa example\jpa-example)
2023-01-23 21:48:03.249  INFO 30128 --- [    Test worker] com.jpaexample.service.QuerydslTest      : No active profile set, falling back to 1 default profile: "default"
2023-01-23 21:48:03.857  INFO 30128 --- [    Test worker] .s.d.r.c.RepositoryConfigurationDelegate : Bootstrapping Spring Data JPA repositories in DEFAULT mode.
2023-01-23 21:48:03.931  INFO 30128 --- [    Test worker] .s.d.r.c.RepositoryConfigurationDelegate : Finished Spring Data repository scanning in 65 ms. Found 4 JPA repository interfaces.
2023-01-23 21:48:04.505  INFO 30128 --- [    Test worker] o.hibernate.jpa.internal.util.LogHelper  : HHH000204: Processing PersistenceUnitInfo [name: default]
2023-01-23 21:48:04.573  INFO 30128 --- [    Test worker] org.hibernate.Version                    : HHH000412: Hibernate ORM core version 5.6.14.Final
2023-01-23 21:48:04.776  INFO 30128 --- [    Test worker] o.hibernate.annotations.common.Version   : HCANN000001: Hibernate Commons Annotations {5.1.2.Final}
2023-01-23 21:48:04.919  INFO 30128 --- [    Test worker] com.zaxxer.hikari.HikariDataSource       : HikariPool-1 - Starting...
2023-01-23 21:48:04.997  INFO 30128 --- [    Test worker] com.zaxxer.hikari.HikariDataSource       : HikariPool-1 - Start completed.
2023-01-23 21:48:05.021  INFO 30128 --- [    Test worker] org.hibernate.dialect.Dialect            : HHH000400: Using dialect: org.hibernate.dialect.MariaDB106Dialect
2023-01-23 21:48:05.838  INFO 30128 --- [    Test worker] o.h.e.t.j.p.i.JtaPlatformInitiator       : HHH000490: Using JtaPlatform implementation: [org.hibernate.engine.transaction.jta.platform.internal.NoJtaPlatform]
2023-01-23 21:48:05.849  INFO 30128 --- [    Test worker] j.LocalContainerEntityManagerFactoryBean : Initialized JPA EntityManagerFactory for persistence unit 'default'
2023-01-23 21:48:06.230  WARN 30128 --- [    Test worker] JpaBaseConfiguration$JpaWebConfiguration : spring.jpa.open-in-view is enabled by default. Therefore, database queries may be performed during view rendering. Explicitly configure spring.jpa.open-in-view to disable this warning
2023-01-23 21:48:07.650  INFO 30128 --- [    Test worker] com.jpaexample.service.QuerydslTest      : Started QuerydslTest in 4.686 seconds (JVM running for 5.96)
2023-01-23 21:48:07.683  INFO 30128 --- [    Test worker] o.s.t.c.transaction.TransactionContext   : Began transaction (1) for test context [DefaultTestContext@11ee02f8 testClass = QuerydslTest, testInstance = com.jpaexample.service.QuerydslTest@7552f05b, testMethod = getProductCaseStock@QuerydslTest, testException = [null], mergedContextConfiguration = [WebMergedContextConfiguration@4102b1b1 testClass = QuerydslTest, locations = '{}', classes = '{class com.jpaexample.JpaExampleApplication}', contextInitializerClasses = '[]', activeProfiles = '{}', propertySourceLocations = '{}', propertySourceProperties = '{org.springframework.boot.test.context.SpringBootTestContextBootstrapper=true}', contextCustomizers = set[org.springframework.boot.test.autoconfigure.actuate.metrics.MetricsExportContextCustomizerFactory$DisableMetricExportContextCustomizer@a8e6492, org.springframework.boot.test.autoconfigure.properties.PropertyMappingContextCustomizer@0, org.springframework.boot.test.autoconfigure.web.servlet.WebDriverContextCustomizerFactory$Customizer@40499e4f, org.springframework.boot.test.context.filter.ExcludeFilterContextCustomizer@7a791b66, org.springframework.boot.test.json.DuplicateJsonObjectContextCustomizerFactory$DuplicateJsonObjectContextCustomizer@61884cb1, org.springframework.boot.test.mock.mockito.MockitoContextCustomizer@0, org.springframework.boot.test.web.client.TestRestTemplateContextCustomizer@6c6c5427, org.springframework.boot.test.context.SpringBootTestArgs@1, org.springframework.boot.test.context.SpringBootTestWebEnvironment@5f20155b], resourceBasePath = 'src/main/webapp', contextLoader = 'org.springframework.boot.test.context.SpringBootContextLoader', parent = [null]], attributes = map['org.springframework.test.context.web.ServletTestExecutionListener.activateListener' -> true, 'org.springframework.test.context.web.ServletTestExecutionListener.populatedRequestContextHolder' -> true, 'org.springframework.test.context.web.ServletTestExecutionListener.resetRequestContextHolder' -> true, 'org.springframework.test.context.event.ApplicationEventsTestExecutionListener.recordApplicationEvents' -> false]]; transaction manager [org.springframework.orm.jpa.JpaTransactionManager@5325674a]; rollback [true]
Hibernate: 
    select
        product0_.name as col_0_0_,
        case 
            when product0_.stock>? then ? 
            when product0_.stock between ? and ? then ? 
            else '품절' 
        end as col_1_0_ 
    from
        product product0_
2023-01-23 21:48:07.848 TRACE 30128 --- [    Test worker] o.h.type.descriptor.sql.BasicBinder      : binding parameter [1] as [INTEGER] - [50]
2023-01-23 21:48:07.850 TRACE 30128 --- [    Test worker] o.h.type.descriptor.sql.BasicBinder      : binding parameter [2] as [VARCHAR] - [재고 있음]
2023-01-23 21:48:07.850 TRACE 30128 --- [    Test worker] o.h.type.descriptor.sql.BasicBinder      : binding parameter [3] as [INTEGER] - [1]
2023-01-23 21:48:07.850 TRACE 30128 --- [    Test worker] o.h.type.descriptor.sql.BasicBinder      : binding parameter [4] as [INTEGER] - [49]
2023-01-23 21:48:07.850 TRACE 30128 --- [    Test worker] o.h.type.descriptor.sql.BasicBinder      : binding parameter [5] as [VARCHAR] - [품절 임박]
2023-01-23 21:48:07.856 TRACE 30128 --- [    Test worker] o.h.type.descriptor.sql.BasicExtractor   : extracted value ([col_0_0_] : [VARCHAR]) - [갤럭시 플립Z]
2023-01-23 21:48:07.856 TRACE 30128 --- [    Test worker] o.h.type.descriptor.sql.BasicExtractor   : extracted value ([col_1_0_] : [VARCHAR]) - [재고 있음]
2023-01-23 21:48:07.857 TRACE 30128 --- [    Test worker] o.h.type.descriptor.sql.BasicExtractor   : extracted value ([col_0_0_] : [VARCHAR]) - [갤럭시 폴드]
2023-01-23 21:48:07.857 TRACE 30128 --- [    Test worker] o.h.type.descriptor.sql.BasicExtractor   : extracted value ([col_1_0_] : [VARCHAR]) - [재고 있음]
2023-01-23 21:48:07.857 TRACE 30128 --- [    Test worker] o.h.type.descriptor.sql.BasicExtractor   : extracted value ([col_0_0_] : [VARCHAR]) - [아이폰 8]
2023-01-23 21:48:07.857 TRACE 30128 --- [    Test worker] o.h.type.descriptor.sql.BasicExtractor   : extracted value ([col_1_0_] : [VARCHAR]) - [재고 있음]
2023-01-23 21:48:07.857 TRACE 30128 --- [    Test worker] o.h.type.descriptor.sql.BasicExtractor   : extracted value ([col_0_0_] : [VARCHAR]) - [아이폰 9]
2023-01-23 21:48:07.857 TRACE 30128 --- [    Test worker] o.h.type.descriptor.sql.BasicExtractor   : extracted value ([col_1_0_] : [VARCHAR]) - [재고 있음]
2023-01-23 21:48:07.857 TRACE 30128 --- [    Test worker] o.h.type.descriptor.sql.BasicExtractor   : extracted value ([col_0_0_] : [VARCHAR]) - [아이폰 10]
2023-01-23 21:48:07.857 TRACE 30128 --- [    Test worker] o.h.type.descriptor.sql.BasicExtractor   : extracted value ([col_1_0_] : [VARCHAR]) - [재고 있음]
2023-01-23 21:48:07.857 TRACE 30128 --- [    Test worker] o.h.type.descriptor.sql.BasicExtractor   : extracted value ([col_0_0_] : [VARCHAR]) - [아이폰 11]
2023-01-23 21:48:07.858 TRACE 30128 --- [    Test worker] o.h.type.descriptor.sql.BasicExtractor   : extracted value ([col_1_0_] : [VARCHAR]) - [재고 있음]
2023-01-23 21:48:07.858 TRACE 30128 --- [    Test worker] o.h.type.descriptor.sql.BasicExtractor   : extracted value ([col_0_0_] : [VARCHAR]) - [아이폰 12]
2023-01-23 21:48:07.858 TRACE 30128 --- [    Test worker] o.h.type.descriptor.sql.BasicExtractor   : extracted value ([col_1_0_] : [VARCHAR]) - [재고 있음]
2023-01-23 21:48:07.858 TRACE 30128 --- [    Test worker] o.h.type.descriptor.sql.BasicExtractor   : extracted value ([col_0_0_] : [VARCHAR]) - [아이폰 13]
2023-01-23 21:48:07.858 TRACE 30128 --- [    Test worker] o.h.type.descriptor.sql.BasicExtractor   : extracted value ([col_1_0_] : [VARCHAR]) - [품절]
2023-01-23 21:48:07.858 TRACE 30128 --- [    Test worker] o.h.type.descriptor.sql.BasicExtractor   : extracted value ([col_0_0_] : [VARCHAR]) - [아이폰 14]
2023-01-23 21:48:07.858 TRACE 30128 --- [    Test worker] o.h.type.descriptor.sql.BasicExtractor   : extracted value ([col_1_0_] : [VARCHAR]) - [품절 임박]
2023-01-23 21:48:07.858 TRACE 30128 --- [    Test worker] o.h.type.descriptor.sql.BasicExtractor   : extracted value ([col_0_0_] : [VARCHAR]) - [마우스 1]
2023-01-23 21:48:07.858 TRACE 30128 --- [    Test worker] o.h.type.descriptor.sql.BasicExtractor   : extracted value ([col_1_0_] : [VARCHAR]) - [재고 있음]
2023-01-23 21:48:07.858 TRACE 30128 --- [    Test worker] o.h.type.descriptor.sql.BasicExtractor   : extracted value ([col_0_0_] : [VARCHAR]) - [마우스 2]
2023-01-23 21:48:07.859 TRACE 30128 --- [    Test worker] o.h.type.descriptor.sql.BasicExtractor   : extracted value ([col_1_0_] : [VARCHAR]) - [재고 있음]
2023-01-23 21:48:07.859 TRACE 30128 --- [    Test worker] o.h.type.descriptor.sql.BasicExtractor   : extracted value ([col_0_0_] : [VARCHAR]) - [마우스 3]
2023-01-23 21:48:07.859 TRACE 30128 --- [    Test worker] o.h.type.descriptor.sql.BasicExtractor   : extracted value ([col_1_0_] : [VARCHAR]) - [재고 있음]
2023-01-23 21:48:07.859 TRACE 30128 --- [    Test worker] o.h.type.descriptor.sql.BasicExtractor   : extracted value ([col_0_0_] : [VARCHAR]) - [마우스 4]
2023-01-23 21:48:07.859 TRACE 30128 --- [    Test worker] o.h.type.descriptor.sql.BasicExtractor   : extracted value ([col_1_0_] : [VARCHAR]) - [재고 있음]
2023-01-23 21:48:07.859 TRACE 30128 --- [    Test worker] o.h.type.descriptor.sql.BasicExtractor   : extracted value ([col_0_0_] : [VARCHAR]) - [마우스 5]
2023-01-23 21:48:07.859 TRACE 30128 --- [    Test worker] o.h.type.descriptor.sql.BasicExtractor   : extracted value ([col_1_0_] : [VARCHAR]) - [재고 있음]
2023-01-23 21:48:07.859 TRACE 30128 --- [    Test worker] o.h.type.descriptor.sql.BasicExtractor   : extracted value ([col_0_0_] : [VARCHAR]) - [마우스 1]
2023-01-23 21:48:07.859 TRACE 30128 --- [    Test worker] o.h.type.descriptor.sql.BasicExtractor   : extracted value ([col_1_0_] : [VARCHAR]) - [재고 있음]
2023-01-23 21:48:07.859 TRACE 30128 --- [    Test worker] o.h.type.descriptor.sql.BasicExtractor   : extracted value ([col_0_0_] : [VARCHAR]) - [마우스 2]
2023-01-23 21:48:07.860 TRACE 30128 --- [    Test worker] o.h.type.descriptor.sql.BasicExtractor   : extracted value ([col_1_0_] : [VARCHAR]) - [재고 있음]
2023-01-23 21:48:07.860 TRACE 30128 --- [    Test worker] o.h.type.descriptor.sql.BasicExtractor   : extracted value ([col_0_0_] : [VARCHAR]) - [마우스 3]
2023-01-23 21:48:07.860 TRACE 30128 --- [    Test worker] o.h.type.descriptor.sql.BasicExtractor   : extracted value ([col_1_0_] : [VARCHAR]) - [재고 있음]
2023-01-23 21:48:07.860 TRACE 30128 --- [    Test worker] o.h.type.descriptor.sql.BasicExtractor   : extracted value ([col_0_0_] : [VARCHAR]) - [마우스 4]
2023-01-23 21:48:07.860 TRACE 30128 --- [    Test worker] o.h.type.descriptor.sql.BasicExtractor   : extracted value ([col_1_0_] : [VARCHAR]) - [재고 있음]
2023-01-23 21:48:07.860 TRACE 30128 --- [    Test worker] o.h.type.descriptor.sql.BasicExtractor   : extracted value ([col_0_0_] : [VARCHAR]) - [에어팟]
2023-01-23 21:48:07.860 TRACE 30128 --- [    Test worker] o.h.type.descriptor.sql.BasicExtractor   : extracted value ([col_1_0_] : [VARCHAR]) - [재고 있음]
productStock = [[갤럭시 플립Z, 재고 있음], [갤럭시 폴드, 재고 있음], [아이폰 8, 재고 있음], [아이폰 9, 재고 있음], [아이폰 10, 재고 있음], [아이폰 11, 재고 있음], [아이폰 12, 재고 있음], [아이폰 13, 품절], [아이폰 14, 품절 임박], [마우스 1, 재고 있음], [마우스 2, 재고 있음], [마우스 3, 재고 있음], [마우스 4, 재고 있음], [마우스 5, 재고 있음], [마우스 1, 재고 있음], [마우스 2, 재고 있음], [마우스 3, 재고 있음], [마우스 4, 재고 있음], [에어팟, 재고 있음]]
2023-01-23 21:48:07.871  INFO 30128 --- [    Test worker] o.s.t.c.transaction.TransactionContext   : Rolled back transaction for test: [DefaultTestContext@11ee02f8 testClass = QuerydslTest, testInstance = com.jpaexample.service.QuerydslTest@7552f05b, testMethod = getProductCaseStock@QuerydslTest, testException = [null], mergedContextConfiguration = [WebMergedContextConfiguration@4102b1b1 testClass = QuerydslTest, locations = '{}', classes = '{class com.jpaexample.JpaExampleApplication}', contextInitializerClasses = '[]', activeProfiles = '{}', propertySourceLocations = '{}', propertySourceProperties = '{org.springframework.boot.test.context.SpringBootTestContextBootstrapper=true}', contextCustomizers = set[org.springframework.boot.test.autoconfigure.actuate.metrics.MetricsExportContextCustomizerFactory$DisableMetricExportContextCustomizer@a8e6492, org.springframework.boot.test.autoconfigure.properties.PropertyMappingContextCustomizer@0, org.springframework.boot.test.autoconfigure.web.servlet.WebDriverContextCustomizerFactory$Customizer@40499e4f, org.springframework.boot.test.context.filter.ExcludeFilterContextCustomizer@7a791b66, org.springframework.boot.test.json.DuplicateJsonObjectContextCustomizerFactory$DuplicateJsonObjectContextCustomizer@61884cb1, org.springframework.boot.test.mock.mockito.MockitoContextCustomizer@0, org.springframework.boot.test.web.client.TestRestTemplateContextCustomizer@6c6c5427, org.springframework.boot.test.context.SpringBootTestArgs@1, org.springframework.boot.test.context.SpringBootTestWebEnvironment@5f20155b], resourceBasePath = 'src/main/webapp', contextLoader = 'org.springframework.boot.test.context.SpringBootContextLoader', parent = [null]], attributes = map['org.springframework.test.context.web.ServletTestExecutionListener.activateListener' -> true, 'org.springframework.test.context.web.ServletTestExecutionListener.populatedRequestContextHolder' -> true, 'org.springframework.test.context.web.ServletTestExecutionListener.resetRequestContextHolder' -> true, 'org.springframework.test.context.event.ApplicationEventsTestExecutionListener.recordApplicationEvents' -> false]]
]]></system-out>
  <system-err><![CDATA[]]></system-err>
</testsuite>
