<?xml version="1.0" encoding="UTF-8"?>
<testsuite name="com.jpaexample.service.MappingTest" tests="1" skipped="0" failures="0" errors="0" timestamp="2023-02-01T11:06:26" hostname="DESKTOP-4H0VBKI" time="0.305">
  <properties/>
  <testcase name="findAll()" classname="com.jpaexample.service.MappingTest" time="0.305"/>
  <system-out><![CDATA[20:06:19.887 [Test worker] DEBUG org.springframework.test.context.BootstrapUtils - Instantiating CacheAwareContextLoaderDelegate from class [org.springframework.test.context.cache.DefaultCacheAwareContextLoaderDelegate]
20:06:19.901 [Test worker] DEBUG org.springframework.test.context.BootstrapUtils - Instantiating BootstrapContext using constructor [public org.springframework.test.context.support.DefaultBootstrapContext(java.lang.Class,org.springframework.test.context.CacheAwareContextLoaderDelegate)]
20:06:19.943 [Test worker] DEBUG org.springframework.test.context.BootstrapUtils - Instantiating TestContextBootstrapper for test class [com.jpaexample.service.MappingTest] from class [org.springframework.boot.test.context.SpringBootTestContextBootstrapper]
20:06:19.961 [Test worker] INFO org.springframework.boot.test.context.SpringBootTestContextBootstrapper - Neither @ContextConfiguration nor @ContextHierarchy found for test class [com.jpaexample.service.MappingTest], using SpringBootContextLoader
20:06:19.966 [Test worker] DEBUG org.springframework.test.context.support.AbstractContextLoader - Did not detect default resource location for test class [com.jpaexample.service.MappingTest]: class path resource [com/jpaexample/service/MappingTest-context.xml] does not exist
20:06:19.967 [Test worker] DEBUG org.springframework.test.context.support.AbstractContextLoader - Did not detect default resource location for test class [com.jpaexample.service.MappingTest]: class path resource [com/jpaexample/service/MappingTestContext.groovy] does not exist
20:06:19.967 [Test worker] INFO org.springframework.test.context.support.AbstractContextLoader - Could not detect default resource locations for test class [com.jpaexample.service.MappingTest]: no resource found for suffixes {-context.xml, Context.groovy}.
20:06:19.968 [Test worker] INFO org.springframework.test.context.support.AnnotationConfigContextLoaderUtils - Could not detect default configuration classes for test class [com.jpaexample.service.MappingTest]: MappingTest does not declare any static, non-private, non-final, nested classes annotated with @Configuration.
20:06:20.025 [Test worker] DEBUG org.springframework.test.context.support.ActiveProfilesUtils - Could not find an 'annotation declaring class' for annotation type [org.springframework.test.context.ActiveProfiles] and class [com.jpaexample.service.MappingTest]
20:06:20.109 [Test worker] DEBUG org.springframework.context.annotation.ClassPathScanningCandidateComponentProvider - Identified candidate component class: file [C:\Users\chajunwoo\Desktop\project\spring data jpa example\jpa-example\build\classes\java\main\com\jpaexample\JpaExampleApplication.class]
20:06:20.111 [Test worker] INFO org.springframework.boot.test.context.SpringBootTestContextBootstrapper - Found @SpringBootConfiguration com.jpaexample.JpaExampleApplication for test class com.jpaexample.service.MappingTest
20:06:20.235 [Test worker] DEBUG org.springframework.boot.test.context.SpringBootTestContextBootstrapper - @TestExecutionListeners is not present for class [com.jpaexample.service.MappingTest]: using defaults.
20:06:20.235 [Test worker] INFO org.springframework.boot.test.context.SpringBootTestContextBootstrapper - Loaded default TestExecutionListener class names from location [META-INF/spring.factories]: [org.springframework.boot.test.autoconfigure.restdocs.RestDocsTestExecutionListener, org.springframework.boot.test.autoconfigure.web.client.MockRestServiceServerResetTestExecutionListener, org.springframework.boot.test.autoconfigure.web.servlet.MockMvcPrintOnlyOnFailureTestExecutionListener, org.springframework.boot.test.autoconfigure.web.servlet.WebDriverTestExecutionListener, org.springframework.boot.test.autoconfigure.webservices.client.MockWebServiceServerTestExecutionListener, org.springframework.boot.test.mock.mockito.MockitoTestExecutionListener, org.springframework.boot.test.mock.mockito.ResetMocksTestExecutionListener, org.springframework.test.context.web.ServletTestExecutionListener, org.springframework.test.context.support.DirtiesContextBeforeModesTestExecutionListener, org.springframework.test.context.event.ApplicationEventsTestExecutionListener, org.springframework.test.context.support.DependencyInjectionTestExecutionListener, org.springframework.test.context.support.DirtiesContextTestExecutionListener, org.springframework.test.context.transaction.TransactionalTestExecutionListener, org.springframework.test.context.jdbc.SqlScriptsTestExecutionListener, org.springframework.test.context.event.EventPublishingTestExecutionListener]
20:06:20.256 [Test worker] INFO org.springframework.boot.test.context.SpringBootTestContextBootstrapper - Using TestExecutionListeners: [org.springframework.test.context.web.ServletTestExecutionListener@70f43b45, org.springframework.test.context.support.DirtiesContextBeforeModesTestExecutionListener@26d10f2e, org.springframework.test.context.event.ApplicationEventsTestExecutionListener@10ad20cb, org.springframework.boot.test.mock.mockito.MockitoTestExecutionListener@7dd712e8, org.springframework.boot.test.autoconfigure.SpringBootDependencyInjectionTestExecutionListener@2c282004, org.springframework.test.context.support.DirtiesContextTestExecutionListener@22ee2d0, org.springframework.test.context.transaction.TransactionalTestExecutionListener@7bfc3126, org.springframework.test.context.jdbc.SqlScriptsTestExecutionListener@3e792ce3, org.springframework.test.context.event.EventPublishingTestExecutionListener@53bc1328, org.springframework.boot.test.autoconfigure.restdocs.RestDocsTestExecutionListener@26f143ed, org.springframework.boot.test.autoconfigure.web.client.MockRestServiceServerResetTestExecutionListener@3c1e3314, org.springframework.boot.test.autoconfigure.web.servlet.MockMvcPrintOnlyOnFailureTestExecutionListener@4b770e40, org.springframework.boot.test.autoconfigure.web.servlet.WebDriverTestExecutionListener@78e16155, org.springframework.boot.test.autoconfigure.webservices.client.MockWebServiceServerTestExecutionListener@54a3ab8f, org.springframework.boot.test.mock.mockito.ResetMocksTestExecutionListener@1968a49c]
20:06:20.260 [Test worker] DEBUG org.springframework.test.context.support.AbstractDirtiesContextTestExecutionListener - Before test class: context [DefaultTestContext@7e8e8651 testClass = MappingTest, testInstance = [null], testMethod = [null], testException = [null], mergedContextConfiguration = [WebMergedContextConfiguration@49ef32e0 testClass = MappingTest, locations = '{}', classes = '{class com.jpaexample.JpaExampleApplication}', contextInitializerClasses = '[]', activeProfiles = '{}', propertySourceLocations = '{}', propertySourceProperties = '{org.springframework.boot.test.context.SpringBootTestContextBootstrapper=true}', contextCustomizers = set[org.springframework.boot.test.autoconfigure.actuate.metrics.MetricsExportContextCustomizerFactory$DisableMetricExportContextCustomizer@306851c7, org.springframework.boot.test.autoconfigure.properties.PropertyMappingContextCustomizer@0, org.springframework.boot.test.autoconfigure.web.servlet.WebDriverContextCustomizerFactory$Customizer@62ea3440, org.springframework.boot.test.context.filter.ExcludeFilterContextCustomizer@5bfa8cc5, org.springframework.boot.test.json.DuplicateJsonObjectContextCustomizerFactory$DuplicateJsonObjectContextCustomizer@3b220bcb, org.springframework.boot.test.mock.mockito.MockitoContextCustomizer@0, org.springframework.boot.test.web.client.TestRestTemplateContextCustomizer@6111ba37, org.springframework.boot.test.context.SpringBootTestArgs@1, org.springframework.boot.test.context.SpringBootTestWebEnvironment@2205a05d], resourceBasePath = 'src/main/webapp', contextLoader = 'org.springframework.boot.test.context.SpringBootContextLoader', parent = [null]], attributes = map['org.springframework.test.context.web.ServletTestExecutionListener.activateListener' -> true]], class annotated with @DirtiesContext [false] with mode [null].

  .   ____          _            __ _ _
 /\\ / ___'_ __ _ _(_)_ __  __ _ \ \ \ \
( ( )\___ | '_ | '_| | '_ \/ _` | \ \ \ \
 \\/  ___)| |_)| | | | | || (_| |  ) ) ) )
  '  |____| .__|_| |_|_| |_\__, | / / / /
 =========|_|==============|___/=/_/_/_/
 :: Spring Boot ::                (v2.7.7)

2023-02-01 20:06:20.645  INFO 14936 --- [    Test worker] com.jpaexample.service.MappingTest       : Starting MappingTest using Java 11.0.13 on DESKTOP-4H0VBKI with PID 14936 (started by chajunwoo in C:\Users\chajunwoo\Desktop\project\spring data jpa example\jpa-example)
2023-02-01 20:06:20.646  INFO 14936 --- [    Test worker] com.jpaexample.service.MappingTest       : No active profile set, falling back to 1 default profile: "default"
2023-02-01 20:06:21.399  INFO 14936 --- [    Test worker] .s.d.r.c.RepositoryConfigurationDelegate : Bootstrapping Spring Data JPA repositories in DEFAULT mode.
2023-02-01 20:06:21.482  INFO 14936 --- [    Test worker] .s.d.r.c.RepositoryConfigurationDelegate : Finished Spring Data repository scanning in 72 ms. Found 4 JPA repository interfaces.
2023-02-01 20:06:22.114  INFO 14936 --- [    Test worker] o.hibernate.jpa.internal.util.LogHelper  : HHH000204: Processing PersistenceUnitInfo [name: default]
2023-02-01 20:06:22.183  INFO 14936 --- [    Test worker] org.hibernate.Version                    : HHH000412: Hibernate ORM core version 5.6.14.Final
2023-02-01 20:06:22.393  INFO 14936 --- [    Test worker] o.hibernate.annotations.common.Version   : HCANN000001: Hibernate Commons Annotations {5.1.2.Final}
2023-02-01 20:06:22.562  INFO 14936 --- [    Test worker] com.zaxxer.hikari.HikariDataSource       : HikariPool-1 - Starting...
2023-02-01 20:06:22.650  INFO 14936 --- [    Test worker] com.zaxxer.hikari.HikariDataSource       : HikariPool-1 - Start completed.
2023-02-01 20:06:22.676  INFO 14936 --- [    Test worker] org.hibernate.dialect.Dialect            : HHH000400: Using dialect: org.hibernate.dialect.MariaDB106Dialect
2023-02-01 20:06:23.595  INFO 14936 --- [    Test worker] o.h.e.t.j.p.i.JtaPlatformInitiator       : HHH000490: Using JtaPlatform implementation: [org.hibernate.engine.transaction.jta.platform.internal.NoJtaPlatform]
2023-02-01 20:06:23.606  INFO 14936 --- [    Test worker] j.LocalContainerEntityManagerFactoryBean : Initialized JPA EntityManagerFactory for persistence unit 'default'
2023-02-01 20:06:24.139  WARN 14936 --- [    Test worker] JpaBaseConfiguration$JpaWebConfiguration : spring.jpa.open-in-view is enabled by default. Therefore, database queries may be performed during view rendering. Explicitly configure spring.jpa.open-in-view to disable this warning
2023-02-01 20:06:26.093  INFO 14936 --- [    Test worker] com.jpaexample.service.MappingTest       : Started MappingTest in 5.793 seconds (JVM running for 7.702)
2023-02-01 20:06:26.147  INFO 14936 --- [    Test worker] o.s.t.c.transaction.TransactionContext   : Began transaction (1) for test context [DefaultTestContext@7e8e8651 testClass = MappingTest, testInstance = com.jpaexample.service.MappingTest@446fb72e, testMethod = findAll@MappingTest, testException = [null], mergedContextConfiguration = [WebMergedContextConfiguration@49ef32e0 testClass = MappingTest, locations = '{}', classes = '{class com.jpaexample.JpaExampleApplication}', contextInitializerClasses = '[]', activeProfiles = '{}', propertySourceLocations = '{}', propertySourceProperties = '{org.springframework.boot.test.context.SpringBootTestContextBootstrapper=true}', contextCustomizers = set[org.springframework.boot.test.autoconfigure.actuate.metrics.MetricsExportContextCustomizerFactory$DisableMetricExportContextCustomizer@306851c7, org.springframework.boot.test.autoconfigure.properties.PropertyMappingContextCustomizer@0, org.springframework.boot.test.autoconfigure.web.servlet.WebDriverContextCustomizerFactory$Customizer@62ea3440, org.springframework.boot.test.context.filter.ExcludeFilterContextCustomizer@5bfa8cc5, org.springframework.boot.test.json.DuplicateJsonObjectContextCustomizerFactory$DuplicateJsonObjectContextCustomizer@3b220bcb, org.springframework.boot.test.mock.mockito.MockitoContextCustomizer@0, org.springframework.boot.test.web.client.TestRestTemplateContextCustomizer@6111ba37, org.springframework.boot.test.context.SpringBootTestArgs@1, org.springframework.boot.test.context.SpringBootTestWebEnvironment@2205a05d], resourceBasePath = 'src/main/webapp', contextLoader = 'org.springframework.boot.test.context.SpringBootContextLoader', parent = [null]], attributes = map['org.springframework.test.context.web.ServletTestExecutionListener.activateListener' -> true, 'org.springframework.test.context.web.ServletTestExecutionListener.populatedRequestContextHolder' -> true, 'org.springframework.test.context.web.ServletTestExecutionListener.resetRequestContextHolder' -> true, 'org.springframework.test.context.event.ApplicationEventsTestExecutionListener.recordApplicationEvents' -> false]]; transaction manager [org.springframework.orm.jpa.JpaTransactionManager@474deb4c]; rollback [true]
Hibernate: 
    select
        category0_.id as id1_0_,
        category0_.created_date as created_2_0_,
        category0_.last_modified_date as last_mod3_0_,
        category0_.name as name4_0_ 
    from
        category category0_
2023-02-01 20:06:26.311 TRACE 14936 --- [    Test worker] o.h.type.descriptor.sql.BasicExtractor   : extracted value ([id1_0_] : [BIGINT]) - [3]
2023-02-01 20:06:26.317 TRACE 14936 --- [    Test worker] o.h.type.descriptor.sql.BasicExtractor   : extracted value ([created_2_0_] : [TIMESTAMP]) - [2023-01-01T20:11:13.672878]
2023-02-01 20:06:26.317 TRACE 14936 --- [    Test worker] o.h.type.descriptor.sql.BasicExtractor   : extracted value ([last_mod3_0_] : [TIMESTAMP]) - [2023-01-01T20:11:13.672878]
2023-02-01 20:06:26.318 TRACE 14936 --- [    Test worker] o.h.type.descriptor.sql.BasicExtractor   : extracted value ([name4_0_] : [VARCHAR]) - [휴대폰]
2023-02-01 20:06:26.319 TRACE 14936 --- [    Test worker] o.h.type.descriptor.sql.BasicExtractor   : extracted value ([id1_0_] : [BIGINT]) - [5]
2023-02-01 20:06:26.319 TRACE 14936 --- [    Test worker] o.h.type.descriptor.sql.BasicExtractor   : extracted value ([created_2_0_] : [TIMESTAMP]) - [2023-01-10T19:54:47.010130]
2023-02-01 20:06:26.319 TRACE 14936 --- [    Test worker] o.h.type.descriptor.sql.BasicExtractor   : extracted value ([last_mod3_0_] : [TIMESTAMP]) - [2023-01-10T19:54:47.010130]
2023-02-01 20:06:26.320 TRACE 14936 --- [    Test worker] o.h.type.descriptor.sql.BasicExtractor   : extracted value ([name4_0_] : [VARCHAR]) - [마우스]
2023-02-01 20:06:26.320 TRACE 14936 --- [    Test worker] o.h.type.descriptor.sql.BasicExtractor   : extracted value ([id1_0_] : [BIGINT]) - [7]
2023-02-01 20:06:26.320 TRACE 14936 --- [    Test worker] o.h.type.descriptor.sql.BasicExtractor   : extracted value ([created_2_0_] : [TIMESTAMP]) - [2023-01-10T19:55:10.979722]
2023-02-01 20:06:26.320 TRACE 14936 --- [    Test worker] o.h.type.descriptor.sql.BasicExtractor   : extracted value ([last_mod3_0_] : [TIMESTAMP]) - [2023-01-10T19:55:10.979722]
2023-02-01 20:06:26.320 TRACE 14936 --- [    Test worker] o.h.type.descriptor.sql.BasicExtractor   : extracted value ([name4_0_] : [VARCHAR]) - [마우스]
2023-02-01 20:06:26.320 TRACE 14936 --- [    Test worker] o.h.type.descriptor.sql.BasicExtractor   : extracted value ([id1_0_] : [BIGINT]) - [10]
2023-02-01 20:06:26.321 TRACE 14936 --- [    Test worker] o.h.type.descriptor.sql.BasicExtractor   : extracted value ([created_2_0_] : [TIMESTAMP]) - [2023-01-18T19:59:53.356042]
2023-02-01 20:06:26.321 TRACE 14936 --- [    Test worker] o.h.type.descriptor.sql.BasicExtractor   : extracted value ([last_mod3_0_] : [TIMESTAMP]) - [2023-01-18T19:59:53.356042]
2023-02-01 20:06:26.321 TRACE 14936 --- [    Test worker] o.h.type.descriptor.sql.BasicExtractor   : extracted value ([name4_0_] : [VARCHAR]) - [이어폰]
Hibernate: 
    select
        productlis0_.category_id as category7_1_2_,
        productlis0_.id as id1_1_2_,
        productlis0_.id as id1_1_1_,
        productlis0_.created_date as created_2_1_1_,
        productlis0_.last_modified_date as last_mod3_1_1_,
        productlis0_.category_id as category7_1_1_,
        productlis0_.name as name4_1_1_,
        productlis0_.price as price5_1_1_,
        productlis0_.provider_id as provider8_1_1_,
        productlis0_.stock as stock6_1_1_,
        productdet1_.id as id1_2_0_,
        productdet1_.created_date as created_2_2_0_,
        productdet1_.last_modified_date as last_mod3_2_0_,
        productdet1_.detail as detail4_2_0_,
        productdet1_.product_id as product_5_2_0_ 
    from
        product productlis0_ 
    left outer join
        product_detail productdet1_ 
            on productlis0_.id=productdet1_.product_id 
    where
        productlis0_.category_id in (
            ?, ?, ?, ?
        )
2023-02-01 20:06:26.341 TRACE 14936 --- [    Test worker] o.h.type.descriptor.sql.BasicBinder      : binding parameter [1] as [BIGINT] - [5]
2023-02-01 20:06:26.343 TRACE 14936 --- [    Test worker] o.h.type.descriptor.sql.BasicBinder      : binding parameter [2] as [BIGINT] - [3]
2023-02-01 20:06:26.343 TRACE 14936 --- [    Test worker] o.h.type.descriptor.sql.BasicBinder      : binding parameter [3] as [BIGINT] - [7]
2023-02-01 20:06:26.343 TRACE 14936 --- [    Test worker] o.h.type.descriptor.sql.BasicBinder      : binding parameter [4] as [BIGINT] - [10]
2023-02-01 20:06:26.346 TRACE 14936 --- [    Test worker] o.h.type.descriptor.sql.BasicExtractor   : extracted value ([id1_2_0_] : [BIGINT]) - [1]
2023-02-01 20:06:26.347 TRACE 14936 --- [    Test worker] o.h.type.descriptor.sql.BasicExtractor   : extracted value ([id1_1_1_] : [BIGINT]) - [1]
2023-02-01 20:06:26.347 TRACE 14936 --- [    Test worker] o.h.type.descriptor.sql.BasicExtractor   : extracted value ([created_2_2_0_] : [TIMESTAMP]) - [2023-01-01T20:13:34.798602]
2023-02-01 20:06:26.348 TRACE 14936 --- [    Test worker] o.h.type.descriptor.sql.BasicExtractor   : extracted value ([last_mod3_2_0_] : [TIMESTAMP]) - [2023-01-01T20:13:34.798602]
2023-02-01 20:06:26.348 TRACE 14936 --- [    Test worker] o.h.type.descriptor.sql.BasicExtractor   : extracted value ([detail4_2_0_] : [VARCHAR]) - [퍼플]
2023-02-01 20:06:26.348 TRACE 14936 --- [    Test worker] o.h.type.descriptor.sql.BasicExtractor   : extracted value ([product_5_2_0_] : [BIGINT]) - [1]
2023-02-01 20:06:26.349 TRACE 14936 --- [    Test worker] o.h.type.descriptor.sql.BasicExtractor   : extracted value ([created_2_1_1_] : [TIMESTAMP]) - [2023-01-01T20:13:34.763595]
2023-02-01 20:06:26.349 TRACE 14936 --- [    Test worker] o.h.type.descriptor.sql.BasicExtractor   : extracted value ([last_mod3_1_1_] : [TIMESTAMP]) - [2023-01-01T20:13:34.763595]
2023-02-01 20:06:26.350 TRACE 14936 --- [    Test worker] o.h.type.descriptor.sql.BasicExtractor   : extracted value ([category7_1_1_] : [BIGINT]) - [3]
2023-02-01 20:06:26.350 TRACE 14936 --- [    Test worker] o.h.type.descriptor.sql.BasicExtractor   : extracted value ([name4_1_1_] : [VARCHAR]) - [갤럭시 플립Z]
2023-02-01 20:06:26.350 TRACE 14936 --- [    Test worker] o.h.type.descriptor.sql.BasicExtractor   : extracted value ([price5_1_1_] : [INTEGER]) - [1300000]
2023-02-01 20:06:26.350 TRACE 14936 --- [    Test worker] o.h.type.descriptor.sql.BasicExtractor   : extracted value ([provider8_1_1_] : [BIGINT]) - [1]
2023-02-01 20:06:26.350 TRACE 14936 --- [    Test worker] o.h.type.descriptor.sql.BasicExtractor   : extracted value ([stock6_1_1_] : [INTEGER]) - [100]
2023-02-01 20:06:26.351 TRACE 14936 --- [    Test worker] o.h.type.descriptor.sql.BasicExtractor   : extracted value ([category7_1_2_] : [BIGINT]) - [3]
2023-02-01 20:06:26.351 TRACE 14936 --- [    Test worker] o.h.type.descriptor.sql.BasicExtractor   : extracted value ([id1_1_2_] : [BIGINT]) - [1]
2023-02-01 20:06:26.356 TRACE 14936 --- [    Test worker] o.h.type.descriptor.sql.BasicExtractor   : extracted value ([id1_2_0_] : [BIGINT]) - [2]
2023-02-01 20:06:26.356 TRACE 14936 --- [    Test worker] o.h.type.descriptor.sql.BasicExtractor   : extracted value ([id1_1_1_] : [BIGINT]) - [3]
2023-02-01 20:06:26.356 TRACE 14936 --- [    Test worker] o.h.type.descriptor.sql.BasicExtractor   : extracted value ([created_2_2_0_] : [TIMESTAMP]) - [2023-01-01T21:17:06.511489]
2023-02-01 20:06:26.356 TRACE 14936 --- [    Test worker] o.h.type.descriptor.sql.BasicExtractor   : extracted value ([last_mod3_2_0_] : [TIMESTAMP]) - [2023-01-01T21:17:06.511489]
2023-02-01 20:06:26.357 TRACE 14936 --- [    Test worker] o.h.type.descriptor.sql.BasicExtractor   : extracted value ([detail4_2_0_] : [VARCHAR]) - [그레이]
2023-02-01 20:06:26.357 TRACE 14936 --- [    Test worker] o.h.type.descriptor.sql.BasicExtractor   : extracted value ([product_5_2_0_] : [BIGINT]) - [3]
2023-02-01 20:06:26.357 TRACE 14936 --- [    Test worker] o.h.type.descriptor.sql.BasicExtractor   : extracted value ([created_2_1_1_] : [TIMESTAMP]) - [2023-01-01T21:17:06.451459]
2023-02-01 20:06:26.357 TRACE 14936 --- [    Test worker] o.h.type.descriptor.sql.BasicExtractor   : extracted value ([last_mod3_1_1_] : [TIMESTAMP]) - [2023-01-01T21:17:06.451459]
2023-02-01 20:06:26.357 TRACE 14936 --- [    Test worker] o.h.type.descriptor.sql.BasicExtractor   : extracted value ([category7_1_1_] : [BIGINT]) - [3]
2023-02-01 20:06:26.357 TRACE 14936 --- [    Test worker] o.h.type.descriptor.sql.BasicExtractor   : extracted value ([name4_1_1_] : [VARCHAR]) - [갤럭시 폴드]
2023-02-01 20:06:26.357 TRACE 14936 --- [    Test worker] o.h.type.descriptor.sql.BasicExtractor   : extracted value ([price5_1_1_] : [INTEGER]) - [1299999]
2023-02-01 20:06:26.357 TRACE 14936 --- [    Test worker] o.h.type.descriptor.sql.BasicExtractor   : extracted value ([provider8_1_1_] : [BIGINT]) - [1]
2023-02-01 20:06:26.357 TRACE 14936 --- [    Test worker] o.h.type.descriptor.sql.BasicExtractor   : extracted value ([stock6_1_1_] : [INTEGER]) - [100]
2023-02-01 20:06:26.357 TRACE 14936 --- [    Test worker] o.h.type.descriptor.sql.BasicExtractor   : extracted value ([category7_1_2_] : [BIGINT]) - [3]
2023-02-01 20:06:26.357 TRACE 14936 --- [    Test worker] o.h.type.descriptor.sql.BasicExtractor   : extracted value ([id1_1_2_] : [BIGINT]) - [3]
2023-02-01 20:06:26.357 TRACE 14936 --- [    Test worker] o.h.type.descriptor.sql.BasicExtractor   : extracted value ([id1_2_0_] : [BIGINT]) - [3]
2023-02-01 20:06:26.358 TRACE 14936 --- [    Test worker] o.h.type.descriptor.sql.BasicExtractor   : extracted value ([id1_1_1_] : [BIGINT]) - [1017]
2023-02-01 20:06:26.358 TRACE 14936 --- [    Test worker] o.h.type.descriptor.sql.BasicExtractor   : extracted value ([created_2_2_0_] : [TIMESTAMP]) - [2023-01-01T20:13:34.798]
2023-02-01 20:06:26.358 TRACE 14936 --- [    Test worker] o.h.type.descriptor.sql.BasicExtractor   : extracted value ([last_mod3_2_0_] : [TIMESTAMP]) - [2023-01-01T20:13:34.798]
2023-02-01 20:06:26.358 TRACE 14936 --- [    Test worker] o.h.type.descriptor.sql.BasicExtractor   : extracted value ([detail4_2_0_] : [VARCHAR]) - [화이트]
2023-02-01 20:06:26.358 TRACE 14936 --- [    Test worker] o.h.type.descriptor.sql.BasicExtractor   : extracted value ([product_5_2_0_] : [BIGINT]) - [1017]
2023-02-01 20:06:26.358 TRACE 14936 --- [    Test worker] o.h.type.descriptor.sql.BasicExtractor   : extracted value ([created_2_1_1_] : [TIMESTAMP]) - [2023-01-10T19:55:10.989724]
2023-02-01 20:06:26.359 TRACE 14936 --- [    Test worker] o.h.type.descriptor.sql.BasicExtractor   : extracted value ([last_mod3_1_1_] : [TIMESTAMP]) - [2023-01-10T19:55:10.989724]
2023-02-01 20:06:26.359 TRACE 14936 --- [    Test worker] o.h.type.descriptor.sql.BasicExtractor   : extracted value ([category7_1_1_] : [BIGINT]) - [10]
2023-02-01 20:06:26.359 TRACE 14936 --- [    Test worker] o.h.type.descriptor.sql.BasicExtractor   : extracted value ([name4_1_1_] : [VARCHAR]) - [에어팟]
2023-02-01 20:06:26.359 TRACE 14936 --- [    Test worker] o.h.type.descriptor.sql.BasicExtractor   : extracted value ([price5_1_1_] : [INTEGER]) - [200000]
2023-02-01 20:06:26.359 TRACE 14936 --- [    Test worker] o.h.type.descriptor.sql.BasicExtractor   : extracted value ([provider8_1_1_] : [BIGINT]) - [3]
2023-02-01 20:06:26.359 TRACE 14936 --- [    Test worker] o.h.type.descriptor.sql.BasicExtractor   : extracted value ([stock6_1_1_] : [INTEGER]) - [100]
2023-02-01 20:06:26.359 TRACE 14936 --- [    Test worker] o.h.type.descriptor.sql.BasicExtractor   : extracted value ([category7_1_2_] : [BIGINT]) - [10]
2023-02-01 20:06:26.359 TRACE 14936 --- [    Test worker] o.h.type.descriptor.sql.BasicExtractor   : extracted value ([id1_1_2_] : [BIGINT]) - [1017]
2023-02-01 20:06:26.360 TRACE 14936 --- [    Test worker] o.h.type.descriptor.sql.BasicExtractor   : extracted value ([id1_2_0_] : [BIGINT]) - [4]
2023-02-01 20:06:26.360 TRACE 14936 --- [    Test worker] o.h.type.descriptor.sql.BasicExtractor   : extracted value ([id1_1_1_] : [BIGINT]) - [1001]
2023-02-01 20:06:26.360 TRACE 14936 --- [    Test worker] o.h.type.descriptor.sql.BasicExtractor   : extracted value ([created_2_2_0_] : [TIMESTAMP]) - [2023-01-01T21:13:34.798]
2023-02-01 20:06:26.360 TRACE 14936 --- [    Test worker] o.h.type.descriptor.sql.BasicExtractor   : extracted value ([last_mod3_2_0_] : [TIMESTAMP]) - [2023-01-01T21:13:34.798]
2023-02-01 20:06:26.360 TRACE 14936 --- [    Test worker] o.h.type.descriptor.sql.BasicExtractor   : extracted value ([detail4_2_0_] : [VARCHAR]) - [화이트]
2023-02-01 20:06:26.360 TRACE 14936 --- [    Test worker] o.h.type.descriptor.sql.BasicExtractor   : extracted value ([product_5_2_0_] : [BIGINT]) - [1001]
2023-02-01 20:06:26.360 TRACE 14936 --- [    Test worker] o.h.type.descriptor.sql.BasicExtractor   : extracted value ([created_2_1_1_] : [TIMESTAMP]) - [2023-01-02T20:34:24.937765]
2023-02-01 20:06:26.361 TRACE 14936 --- [    Test worker] o.h.type.descriptor.sql.BasicExtractor   : extracted value ([last_mod3_1_1_] : [TIMESTAMP]) - [2023-01-02T20:34:24.937765]
2023-02-01 20:06:26.361 TRACE 14936 --- [    Test worker] o.h.type.descriptor.sql.BasicExtractor   : extracted value ([category7_1_1_] : [BIGINT]) - [3]
2023-02-01 20:06:26.361 TRACE 14936 --- [    Test worker] o.h.type.descriptor.sql.BasicExtractor   : extracted value ([name4_1_1_] : [VARCHAR]) - [아이폰 8]
2023-02-01 20:06:26.361 TRACE 14936 --- [    Test worker] o.h.type.descriptor.sql.BasicExtractor   : extracted value ([price5_1_1_] : [INTEGER]) - [50000]
2023-02-01 20:06:26.361 TRACE 14936 --- [    Test worker] o.h.type.descriptor.sql.BasicExtractor   : extracted value ([provider8_1_1_] : [BIGINT]) - [3]
2023-02-01 20:06:26.361 TRACE 14936 --- [    Test worker] o.h.type.descriptor.sql.BasicExtractor   : extracted value ([stock6_1_1_] : [INTEGER]) - [100]
2023-02-01 20:06:26.361 TRACE 14936 --- [    Test worker] o.h.type.descriptor.sql.BasicExtractor   : extracted value ([category7_1_2_] : [BIGINT]) - [3]
2023-02-01 20:06:26.361 TRACE 14936 --- [    Test worker] o.h.type.descriptor.sql.BasicExtractor   : extracted value ([id1_1_2_] : [BIGINT]) - [1001]
2023-02-01 20:06:26.361 TRACE 14936 --- [    Test worker] o.h.type.descriptor.sql.BasicExtractor   : extracted value ([id1_2_0_] : [BIGINT]) - [5]
2023-02-01 20:06:26.362 TRACE 14936 --- [    Test worker] o.h.type.descriptor.sql.BasicExtractor   : extracted value ([id1_1_1_] : [BIGINT]) - [1002]
2023-02-01 20:06:26.362 TRACE 14936 --- [    Test worker] o.h.type.descriptor.sql.BasicExtractor   : extracted value ([created_2_2_0_] : [TIMESTAMP]) - [2023-01-01T21:13:34.798]
2023-02-01 20:06:26.362 TRACE 14936 --- [    Test worker] o.h.type.descriptor.sql.BasicExtractor   : extracted value ([last_mod3_2_0_] : [TIMESTAMP]) - [2023-01-01T21:13:34.798]
2023-02-01 20:06:26.362 TRACE 14936 --- [    Test worker] o.h.type.descriptor.sql.BasicExtractor   : extracted value ([detail4_2_0_] : [VARCHAR]) - [블랙]
2023-02-01 20:06:26.362 TRACE 14936 --- [    Test worker] o.h.type.descriptor.sql.BasicExtractor   : extracted value ([product_5_2_0_] : [BIGINT]) - [1002]
2023-02-01 20:06:26.362 TRACE 14936 --- [    Test worker] o.h.type.descriptor.sql.BasicExtractor   : extracted value ([created_2_1_1_] : [TIMESTAMP]) - [2023-01-02T20:34:24.951769]
2023-02-01 20:06:26.362 TRACE 14936 --- [    Test worker] o.h.type.descriptor.sql.BasicExtractor   : extracted value ([last_mod3_1_1_] : [TIMESTAMP]) - [2023-01-02T20:34:24.951769]
2023-02-01 20:06:26.363 TRACE 14936 --- [    Test worker] o.h.type.descriptor.sql.BasicExtractor   : extracted value ([category7_1_1_] : [BIGINT]) - [3]
2023-02-01 20:06:26.363 TRACE 14936 --- [    Test worker] o.h.type.descriptor.sql.BasicExtractor   : extracted value ([name4_1_1_] : [VARCHAR]) - [아이폰 9]
2023-02-01 20:06:26.363 TRACE 14936 --- [    Test worker] o.h.type.descriptor.sql.BasicExtractor   : extracted value ([price5_1_1_] : [INTEGER]) - [50000]
2023-02-01 20:06:26.363 TRACE 14936 --- [    Test worker] o.h.type.descriptor.sql.BasicExtractor   : extracted value ([provider8_1_1_] : [BIGINT]) - [3]
2023-02-01 20:06:26.363 TRACE 14936 --- [    Test worker] o.h.type.descriptor.sql.BasicExtractor   : extracted value ([stock6_1_1_] : [INTEGER]) - [100]
2023-02-01 20:06:26.363 TRACE 14936 --- [    Test worker] o.h.type.descriptor.sql.BasicExtractor   : extracted value ([category7_1_2_] : [BIGINT]) - [3]
2023-02-01 20:06:26.363 TRACE 14936 --- [    Test worker] o.h.type.descriptor.sql.BasicExtractor   : extracted value ([id1_1_2_] : [BIGINT]) - [1002]
2023-02-01 20:06:26.363 TRACE 14936 --- [    Test worker] o.h.type.descriptor.sql.BasicExtractor   : extracted value ([id1_2_0_] : [BIGINT]) - [null]
2023-02-01 20:06:26.363 TRACE 14936 --- [    Test worker] o.h.type.descriptor.sql.BasicExtractor   : extracted value ([id1_1_1_] : [BIGINT]) - [1008]
2023-02-01 20:06:26.364 TRACE 14936 --- [    Test worker] o.h.type.descriptor.sql.BasicExtractor   : extracted value ([created_2_1_1_] : [TIMESTAMP]) - [2023-01-10T19:54:47.012130]
2023-02-01 20:06:26.365 TRACE 14936 --- [    Test worker] o.h.type.descriptor.sql.BasicExtractor   : extracted value ([last_mod3_1_1_] : [TIMESTAMP]) - [2023-01-10T19:54:47.012130]
2023-02-01 20:06:26.365 TRACE 14936 --- [    Test worker] o.h.type.descriptor.sql.BasicExtractor   : extracted value ([category7_1_1_] : [BIGINT]) - [5]
2023-02-01 20:06:26.365 TRACE 14936 --- [    Test worker] o.h.type.descriptor.sql.BasicExtractor   : extracted value ([name4_1_1_] : [VARCHAR]) - [마우스 1]
2023-02-01 20:06:26.365 TRACE 14936 --- [    Test worker] o.h.type.descriptor.sql.BasicExtractor   : extracted value ([price5_1_1_] : [INTEGER]) - [30000]
2023-02-01 20:06:26.365 TRACE 14936 --- [    Test worker] o.h.type.descriptor.sql.BasicExtractor   : extracted value ([provider8_1_1_] : [BIGINT]) - [1]
2023-02-01 20:06:26.365 TRACE 14936 --- [    Test worker] o.h.type.descriptor.sql.BasicExtractor   : extracted value ([stock6_1_1_] : [INTEGER]) - [100]
2023-02-01 20:06:26.365 TRACE 14936 --- [    Test worker] o.h.type.descriptor.sql.BasicExtractor   : extracted value ([category7_1_2_] : [BIGINT]) - [5]
2023-02-01 20:06:26.365 TRACE 14936 --- [    Test worker] o.h.type.descriptor.sql.BasicExtractor   : extracted value ([id1_1_2_] : [BIGINT]) - [1008]
2023-02-01 20:06:26.366 TRACE 14936 --- [    Test worker] o.h.type.descriptor.sql.BasicExtractor   : extracted value ([id1_2_0_] : [BIGINT]) - [null]
2023-02-01 20:06:26.366 TRACE 14936 --- [    Test worker] o.h.type.descriptor.sql.BasicExtractor   : extracted value ([id1_1_1_] : [BIGINT]) - [1009]
2023-02-01 20:06:26.366 TRACE 14936 --- [    Test worker] o.h.type.descriptor.sql.BasicExtractor   : extracted value ([created_2_1_1_] : [TIMESTAMP]) - [2023-01-10T19:54:47.019132]
2023-02-01 20:06:26.366 TRACE 14936 --- [    Test worker] o.h.type.descriptor.sql.BasicExtractor   : extracted value ([last_mod3_1_1_] : [TIMESTAMP]) - [2023-01-10T19:54:47.019132]
2023-02-01 20:06:26.366 TRACE 14936 --- [    Test worker] o.h.type.descriptor.sql.BasicExtractor   : extracted value ([category7_1_1_] : [BIGINT]) - [5]
2023-02-01 20:06:26.366 TRACE 14936 --- [    Test worker] o.h.type.descriptor.sql.BasicExtractor   : extracted value ([name4_1_1_] : [VARCHAR]) - [마우스 2]
2023-02-01 20:06:26.367 TRACE 14936 --- [    Test worker] o.h.type.descriptor.sql.BasicExtractor   : extracted value ([price5_1_1_] : [INTEGER]) - [50000]
2023-02-01 20:06:26.367 TRACE 14936 --- [    Test worker] o.h.type.descriptor.sql.BasicExtractor   : extracted value ([provider8_1_1_] : [BIGINT]) - [1]
2023-02-01 20:06:26.367 TRACE 14936 --- [    Test worker] o.h.type.descriptor.sql.BasicExtractor   : extracted value ([stock6_1_1_] : [INTEGER]) - [100]
2023-02-01 20:06:26.367 TRACE 14936 --- [    Test worker] o.h.type.descriptor.sql.BasicExtractor   : extracted value ([category7_1_2_] : [BIGINT]) - [5]
2023-02-01 20:06:26.367 TRACE 14936 --- [    Test worker] o.h.type.descriptor.sql.BasicExtractor   : extracted value ([id1_1_2_] : [BIGINT]) - [1009]
Hibernate: 
    select
        provider0_.id as id1_3_0_,
        provider0_.created_date as created_2_3_0_,
        provider0_.last_modified_date as last_mod3_3_0_,
        provider0_.name as name4_3_0_ 
    from
        provider provider0_ 
    where
        provider0_.id in (
            ?, ?
        )
2023-02-01 20:06:26.398 TRACE 14936 --- [    Test worker] o.h.type.descriptor.sql.BasicBinder      : binding parameter [1] as [BIGINT] - [1]
2023-02-01 20:06:26.399 TRACE 14936 --- [    Test worker] o.h.type.descriptor.sql.BasicBinder      : binding parameter [2] as [BIGINT] - [3]
2023-02-01 20:06:26.404 TRACE 14936 --- [    Test worker] o.h.type.descriptor.sql.BasicExtractor   : extracted value ([id1_3_0_] : [BIGINT]) - [1]
2023-02-01 20:06:26.404 TRACE 14936 --- [    Test worker] o.h.type.descriptor.sql.BasicExtractor   : extracted value ([created_2_3_0_] : [TIMESTAMP]) - [2023-01-01T20:12:18.814173]
2023-02-01 20:06:26.405 TRACE 14936 --- [    Test worker] o.h.type.descriptor.sql.BasicExtractor   : extracted value ([last_mod3_3_0_] : [TIMESTAMP]) - [2023-01-01T20:12:18.814173]
2023-02-01 20:06:26.405 TRACE 14936 --- [    Test worker] o.h.type.descriptor.sql.BasicExtractor   : extracted value ([name4_3_0_] : [VARCHAR]) - [삼성]
2023-02-01 20:06:26.406 TRACE 14936 --- [    Test worker] o.h.type.descriptor.sql.BasicExtractor   : extracted value ([id1_3_0_] : [BIGINT]) - [3]
2023-02-01 20:06:26.407 TRACE 14936 --- [    Test worker] o.h.type.descriptor.sql.BasicExtractor   : extracted value ([created_2_3_0_] : [TIMESTAMP]) - [2023-01-02T20:34:24.870751]
2023-02-01 20:06:26.407 TRACE 14936 --- [    Test worker] o.h.type.descriptor.sql.BasicExtractor   : extracted value ([last_mod3_3_0_] : [TIMESTAMP]) - [2023-01-02T20:34:24.870751]
2023-02-01 20:06:26.407 TRACE 14936 --- [    Test worker] o.h.type.descriptor.sql.BasicExtractor   : extracted value ([name4_3_0_] : [VARCHAR]) - [애플]
categoryList.get(1).getProductList() = [Product(super=com.jpaexample.entity.Product@29f86630, id=1008, name=마우스 1, price=30000, stock=100, category=Category(id=5, name=마우스), provider=Provider(id=1, name=삼성)), Product(super=com.jpaexample.entity.Product@6b8a9e1, id=1009, name=마우스 2, price=50000, stock=100, category=Category(id=5, name=마우스), provider=Provider(id=1, name=삼성))]
2023-02-01 20:06:26.429  INFO 14936 --- [    Test worker] o.s.t.c.transaction.TransactionContext   : Rolled back transaction for test: [DefaultTestContext@7e8e8651 testClass = MappingTest, testInstance = com.jpaexample.service.MappingTest@446fb72e, testMethod = findAll@MappingTest, testException = [null], mergedContextConfiguration = [WebMergedContextConfiguration@49ef32e0 testClass = MappingTest, locations = '{}', classes = '{class com.jpaexample.JpaExampleApplication}', contextInitializerClasses = '[]', activeProfiles = '{}', propertySourceLocations = '{}', propertySourceProperties = '{org.springframework.boot.test.context.SpringBootTestContextBootstrapper=true}', contextCustomizers = set[org.springframework.boot.test.autoconfigure.actuate.metrics.MetricsExportContextCustomizerFactory$DisableMetricExportContextCustomizer@306851c7, org.springframework.boot.test.autoconfigure.properties.PropertyMappingContextCustomizer@0, org.springframework.boot.test.autoconfigure.web.servlet.WebDriverContextCustomizerFactory$Customizer@62ea3440, org.springframework.boot.test.context.filter.ExcludeFilterContextCustomizer@5bfa8cc5, org.springframework.boot.test.json.DuplicateJsonObjectContextCustomizerFactory$DuplicateJsonObjectContextCustomizer@3b220bcb, org.springframework.boot.test.mock.mockito.MockitoContextCustomizer@0, org.springframework.boot.test.web.client.TestRestTemplateContextCustomizer@6111ba37, org.springframework.boot.test.context.SpringBootTestArgs@1, org.springframework.boot.test.context.SpringBootTestWebEnvironment@2205a05d], resourceBasePath = 'src/main/webapp', contextLoader = 'org.springframework.boot.test.context.SpringBootContextLoader', parent = [null]], attributes = map['org.springframework.test.context.web.ServletTestExecutionListener.activateListener' -> true, 'org.springframework.test.context.web.ServletTestExecutionListener.populatedRequestContextHolder' -> true, 'org.springframework.test.context.web.ServletTestExecutionListener.resetRequestContextHolder' -> true, 'org.springframework.test.context.event.ApplicationEventsTestExecutionListener.recordApplicationEvents' -> false]]
]]></system-out>
  <system-err><![CDATA[]]></system-err>
</testsuite>
